Using pre-set license
Built from '2022.3/staging' branch; Version is '2022.3.10f1 (ff3792e53c62) revision 16725906'; Using compiler version '192829333'; Build Type 'Release'
OS: 'Windows 11  (10.0.22631) 64bit CoreSingleLanguage' Language: 'en' Physical Memory: 16170 MB
BatchMode: 1, IsHumanControllingUs: 0, StartBugReporterOnCrash: 0, Is64bit: 1, IsPro: 1

COMMAND LINE ARGUMENTS:
C:\Program Files\Unity\Hub\Editor\2022.3.10f1\Editor\Unity.exe
-adb2
-batchMode
-noUpm
-name
AssetImportWorker2
-projectPath
C:/Users/ADMIN/WorkSpace/Unity/Boss-Battle/Boss Battle
-logFile
Logs/AssetImportWorker2.log
-srvPort
55626
Successfully changed project path to: C:/Users/ADMIN/WorkSpace/Unity/Boss-Battle/Boss Battle
C:/Users/ADMIN/WorkSpace/Unity/Boss-Battle/Boss Battle
[UnityMemory] Configuration Parameters - Can be set up in boot.config
    "memorysetup-bucket-allocator-granularity=16"
    "memorysetup-bucket-allocator-bucket-count=8"
    "memorysetup-bucket-allocator-block-size=33554432"
    "memorysetup-bucket-allocator-block-count=8"
    "memorysetup-main-allocator-block-size=16777216"
    "memorysetup-thread-allocator-block-size=16777216"
    "memorysetup-gfx-main-allocator-block-size=16777216"
    "memorysetup-gfx-thread-allocator-block-size=16777216"
    "memorysetup-cache-allocator-block-size=4194304"
    "memorysetup-typetree-allocator-block-size=2097152"
    "memorysetup-profiler-bucket-allocator-granularity=16"
    "memorysetup-profiler-bucket-allocator-bucket-count=8"
    "memorysetup-profiler-bucket-allocator-block-size=33554432"
    "memorysetup-profiler-bucket-allocator-block-count=8"
    "memorysetup-profiler-allocator-block-size=16777216"
    "memorysetup-profiler-editor-allocator-block-size=1048576"
    "memorysetup-temp-allocator-size-main=16777216"
    "memorysetup-job-temp-allocator-block-size=2097152"
    "memorysetup-job-temp-allocator-block-size-background=1048576"
    "memorysetup-job-temp-allocator-reduction-small-platforms=262144"
    "memorysetup-allocator-temp-initial-block-size-main=262144"
    "memorysetup-allocator-temp-initial-block-size-worker=262144"
    "memorysetup-temp-allocator-size-background-worker=32768"
    "memorysetup-temp-allocator-size-job-worker=262144"
    "memorysetup-temp-allocator-size-preload-manager=33554432"
    "memorysetup-temp-allocator-size-nav-mesh-worker=65536"
    "memorysetup-temp-allocator-size-audio-worker=65536"
    "memorysetup-temp-allocator-size-cloud-worker=32768"
    "memorysetup-temp-allocator-size-gi-baking-worker=262144"
    "memorysetup-temp-allocator-size-gfx=262144"
Player connection [20100] Host "[IP] 192.168.1.2 [Port] 0 [Flags] 2 [Guid] 3710399861 [EditorId] 3710399861 [Version] 1048832 [Id] WindowsEditor(7,DESKTOP-D1HSOQO) [Debug] 1 [PackageName] WindowsEditor [ProjectName] Editor" joined multi-casting on [225.0.0.222:54997]...

Player connection [20100] Host "[IP] 192.168.1.2 [Port] 0 [Flags] 2 [Guid] 3710399861 [EditorId] 3710399861 [Version] 1048832 [Id] WindowsEditor(7,DESKTOP-D1HSOQO) [Debug] 1 [PackageName] WindowsEditor [ProjectName] Editor" joined alternative multi-casting on [225.0.0.222:34997]...

[Physics::Module] Initialized MultithreadedJobDispatcher with 11 workers.
Refreshing native plugins compatible for Editor in 304.01 ms, found 2 plugins.
Preloading 0 native plugins for Editor in 0.00 ms.
Initialize engine version: 2022.3.10f1 (ff3792e53c62)
[Subsystems] Discovering subsystems at path C:/Program Files/Unity/Hub/Editor/2022.3.10f1/Editor/Data/Resources/UnitySubsystems
[Subsystems] Discovering subsystems at path C:/Users/ADMIN/WorkSpace/Unity/Boss-Battle/Boss Battle/Assets
GfxDevice: creating device client; threaded=0; jobified=0
Direct3D:
    Version:  Direct3D 11.0 [level 11.1]
    Renderer: NVIDIA GeForce GTX 1650 Ti (ID=0x1f95)
    Vendor:   NVIDIA
    VRAM:     3962 MB
    Driver:   30.0.15.1278
Initialize mono
Mono path[0] = 'C:/Program Files/Unity/Hub/Editor/2022.3.10f1/Editor/Data/Managed'
Mono path[1] = 'C:/Program Files/Unity/Hub/Editor/2022.3.10f1/Editor/Data/MonoBleedingEdge/lib/mono/unityjit-win32'
Mono config path = 'C:/Program Files/Unity/Hub/Editor/2022.3.10f1/Editor/Data/MonoBleedingEdge/etc'
Using monoOptions --debugger-agent=transport=dt_socket,embedding=1,server=y,suspend=n,address=127.0.0.1:56592
Begin MonoManager ReloadAssembly
Registering precompiled unity dll's ...
Register platform support module: C:/Program Files/Unity/Hub/Editor/2022.3.10f1/Editor/Data/PlaybackEngines/WebGLSupport/UnityEditor.WebGL.Extensions.dll
Register platform support module: C:/Program Files/Unity/Hub/Editor/2022.3.10f1/Editor/Data/PlaybackEngines/WindowsStandaloneSupport/UnityEditor.WindowsStandalone.Extensions.dll
Registered in 0.006303 seconds.
- Loaded All Assemblies, in  0.838 seconds
Native extension for WindowsStandalone target not found
Native extension for WebGL target not found
Mono: successfully reloaded assembly
- Finished resetting the current domain, in  0.248 seconds
Domain Reload Profiling: 1085ms
	BeginReloadAssembly (116ms)
		ExecutionOrderSort (0ms)
		DisableScriptedObjects (0ms)
		BackupInstance (0ms)
		ReleaseScriptingObjects (0ms)
		CreateAndSetChildDomain (1ms)
	RebuildCommonClasses (236ms)
	RebuildNativeTypeToScriptingClass (10ms)
	initialDomainReloadingComplete (52ms)
	LoadAllAssembliesAndSetupDomain (422ms)
		LoadAssemblies (115ms)
		RebuildTransferFunctionScriptingTraits (0ms)
		AnalyzeDomain (420ms)
			TypeCache.Refresh (419ms)
				TypeCache.ScanAssembly (403ms)
			ScanForSourceGeneratedMonoScriptInfo (0ms)
			ResolveRequiredComponents (1ms)
	FinalizeReload (248ms)
		ReleaseScriptCaches (0ms)
		RebuildScriptCaches (0ms)
		SetupLoadedEditorAssemblies (186ms)
			LogAssemblyErrors (0ms)
			InitializePlatformSupportModulesInManaged (9ms)
			SetLoadedEditorAssemblies (5ms)
			RefreshPlugins (0ms)
			BeforeProcessingInitializeOnLoad (2ms)
			ProcessInitializeOnLoadAttributes (120ms)
			ProcessInitializeOnLoadMethodAttributes (50ms)
			AfterProcessingInitializeOnLoad (0ms)
			EditorAssembliesLoaded (0ms)
		ExecutionOrderSort2 (0ms)
		AwakeInstancesAfterBackupRestoration (0ms)
========================================================================
Worker process is ready to serve import requests
Begin MonoManager ReloadAssembly
Symbol file LoadedFromMemory is not a mono symbol file
- Loaded All Assemblies, in  0.731 seconds
Refreshing native plugins compatible for Editor in 6.28 ms, found 2 plugins.
Native extension for WindowsStandalone target not found
Native extension for WebGL target not found
Package Manager log level set to [2]
[Package Manager] Server::EnsureServerProcessIsRunning -- launch failed, reason: Unity was launched with the -noUpm command-line argument
[Package Manager] UpmClient::Send -- Unable to send message (not connected to UPM process).
[Package Manager] Cannot connect to Unity Package Manager local server
Mono: successfully reloaded assembly
- Finished resetting the current domain, in  0.696 seconds
Domain Reload Profiling: 1425ms
	BeginReloadAssembly (178ms)
		ExecutionOrderSort (0ms)
		DisableScriptedObjects (5ms)
		BackupInstance (0ms)
		ReleaseScriptingObjects (0ms)
		CreateAndSetChildDomain (20ms)
	RebuildCommonClasses (40ms)
	RebuildNativeTypeToScriptingClass (11ms)
	initialDomainReloadingComplete (40ms)
	LoadAllAssembliesAndSetupDomain (459ms)
		LoadAssemblies (360ms)
		RebuildTransferFunctionScriptingTraits (0ms)
		AnalyzeDomain (217ms)
			TypeCache.Refresh (196ms)
				TypeCache.ScanAssembly (123ms)
			ScanForSourceGeneratedMonoScriptInfo (17ms)
			ResolveRequiredComponents (3ms)
	FinalizeReload (697ms)
		ReleaseScriptCaches (0ms)
		RebuildScriptCaches (0ms)
		SetupLoadedEditorAssemblies (558ms)
			LogAssemblyErrors (0ms)
			InitializePlatformSupportModulesInManaged (6ms)
			SetLoadedEditorAssemblies (3ms)
			RefreshPlugins (0ms)
			BeforeProcessingInitializeOnLoad (57ms)
			ProcessInitializeOnLoadAttributes (322ms)
			ProcessInitializeOnLoadMethodAttributes (162ms)
			AfterProcessingInitializeOnLoad (7ms)
			EditorAssembliesLoaded (0ms)
		ExecutionOrderSort2 (0ms)
		AwakeInstancesAfterBackupRestoration (7ms)
Launched and connected shader compiler UnityShaderCompiler.exe after 0.04 seconds
Refreshing native plugins compatible for Editor in 8.22 ms, found 2 plugins.
Preloading 0 native plugins for Editor in 0.00 ms.
Unloading 2509 Unused Serialized files (Serialized files now loaded: 0)
Unloading 60 unused Assets / (68.2 KB). Loaded Objects now: 2953.
Memory consumption went from 101.6 MB to 101.6 MB.
Total: 8.134100 ms (FindLiveObjects: 0.249600 ms CreateObjectMapping: 0.197900 ms MarkObjects: 7.559200 ms  DeleteObjects: 0.125900 ms)

AssetImportParameters requested are different than current active one (requested -> active):
  custom:video-decoder-webm-vp8: 9c59270c3fd7afecdb556c50c9e8de78 -> 
  custom:SearchIndexIgnoredProperties: e643bd26f0fe6173181afceb89e7c659 -> 
  custom:container-demuxer-ogg: 62fdf1f143b41e24485cea50d1cbac27 -> 
  custom:AudioImporter_EditorPlatform: d09bf68614088b80899f8185d706f6e7 -> 
  custom:scripting/monoscript/fileName/PlayerHealth.cs: 49f415306e52895faa0b0a35d62e54a1 -> 
  custom:scripting/monoscript/fileName/Boss.cs: 206449336cfd65eeb5a304f74e19bc43 -> 672ccdeae61fe612f99c18037dde1fed
  custom:video-decoder-ogg-theora: a1e56fd34408186e4bbccfd4996cb3dc -> 
  custom:framework-win-MediaFoundation: 216162199b28c13a410421893ffa2e32 -> 
  custom:video-encoder-webm-vp8: eb34c28f22e8b96e1ab97ce403110664 -> 
  custom:audio-decoder-ogg-vorbis: bf7c407c2cedff20999df2af8eb42d56 -> 
  custom:scripting/monoscript/fileName/Boss_Enrage.cs: 7651247a68193ff782f1c209ba3f0487 -> f7676add00faa43750a982c5da245361
  custom:CustomObjectIndexerAttribute: 756ad292c208cfabdd7b50bc23989ffe -> 
  custom:container-demuxer-webm: 4f35f7cbe854078d1ac9338744f61a02 -> 
  custom:audio-encoder-webm-vorbis: bf7c407c2cedff20999df2af8eb42d56 -> 
  custom:scripting/monoscript/fileName/Boss_Run.cs: 4686e19d16c5203be8fc3bc29be93530 -> 8df197cdb5e5e61ff4e2d1d7f5430af6
  custom:container-muxer-webm: aa71ff27fc2769a1b78a27578f13a17b -> 
========================================================================
Received Import Request.
  Time since last request: 216699.086180 seconds.
  path: Assets/Player1/Scripts/Projectile.cs
  artifactKey: Guid(1652db6edc033c944b619f8c83b50011) Importer(815301076,1909f56bfc062723c751e8b465ee728b)
Start importing Assets/Player1/Scripts/Projectile.cs using Guid(1652db6edc033c944b619f8c83b50011) Importer(815301076,1909f56bfc062723c751e8b465ee728b)  -> (artifact id: '613eb7bcd1ab1a870c989326efb6a337') in 0.002457 seconds
Number of updated asset objects reloaded before import = 0
Number of asset objects unloaded after import = 0
========================================================================
Received Import Request.
  Time since last request: 2.947314 seconds.
  path: Assets/Player1/Scripts/PlayerMovement.cs
  artifactKey: Guid(19d60d00ba447304fba298e758b12acd) Importer(815301076,1909f56bfc062723c751e8b465ee728b)
Start importing Assets/Player1/Scripts/PlayerMovement.cs using Guid(19d60d00ba447304fba298e758b12acd) Importer(815301076,1909f56bfc062723c751e8b465ee728b)  -> (artifact id: '4496bc298c4d09346a3a640a38054922') in 0.000604 seconds
Number of updated asset objects reloaded before import = 0
Number of asset objects unloaded after import = 0
========================================================================
Received Import Request.
  Time since last request: 233.859142 seconds.
  path: Assets/Animation/Player/Player_Idle.anim
  artifactKey: Guid(c1d24c94d6e792a44b56ab6f78639deb) Importer(815301076,1909f56bfc062723c751e8b465ee728b)
Start importing Assets/Animation/Player/Player_Idle.anim using Guid(c1d24c94d6e792a44b56ab6f78639deb) Importer(815301076,1909f56bfc062723c751e8b465ee728b)  -> (artifact id: '2f26fc36781233d87dcc8041aca1daf0') in 0.014928 seconds
Number of updated asset objects reloaded before import = 0
Number of asset objects unloaded after import = 1
========================================================================
Received Import Request.
  Time since last request: 1.714127 seconds.
  path: Assets/Animation/Player/Player.controller
  artifactKey: Guid(4d6a22597b5102c4996d4c98ffcbb230) Importer(815301076,1909f56bfc062723c751e8b465ee728b)
Start importing Assets/Animation/Player/Player.controller using Guid(4d6a22597b5102c4996d4c98ffcbb230) Importer(815301076,1909f56bfc062723c751e8b465ee728b)  -> (artifact id: '5d5948fa298d3e65fc30e8f56dfda7e6') in 0.021948 seconds
Number of updated asset objects reloaded before import = 0
Number of asset objects unloaded after import = 13
========================================================================
Received Import Request.
  Time since last request: 1.171824 seconds.
  path: Assets/Animation/Player/Player_Jump.anim
  artifactKey: Guid(848695f45b649f64ab699a99890d9b0a) Importer(815301076,1909f56bfc062723c751e8b465ee728b)
Start importing Assets/Animation/Player/Player_Jump.anim using Guid(848695f45b649f64ab699a99890d9b0a) Importer(815301076,1909f56bfc062723c751e8b465ee728b)  -> (artifact id: 'cff2c93e75b4b4ea962a5b7e92c8b6b7') in 0.001912 seconds
Number of updated asset objects reloaded before import = 0
Number of asset objects unloaded after import = 1
========================================================================
Received Import Request.
  Time since last request: 0.324927 seconds.
  path: Assets/Animation/Player/Player_Run.anim
  artifactKey: Guid(4b2d16b5c021ab945a05143047c19b23) Importer(815301076,1909f56bfc062723c751e8b465ee728b)
Start importing Assets/Animation/Player/Player_Run.anim using Guid(4b2d16b5c021ab945a05143047c19b23) Importer(815301076,1909f56bfc062723c751e8b465ee728b)  -> (artifact id: '2de690ad5cb9a4b4349a2f7d62ba2caf') in 0.001747 seconds
Number of updated asset objects reloaded before import = 0
Number of asset objects unloaded after import = 1
========================================================================
Received Import Request.
  Time since last request: 342.677430 seconds.
  path: Assets/Player1/Sprites/Dragon Warrior Files/Dragon Warrior PNG/walk_05.png
  artifactKey: Guid(9306e39f0f362e24888908e2bc7ab52a) Importer(815301076,1909f56bfc062723c751e8b465ee728b)
Start importing Assets/Player1/Sprites/Dragon Warrior Files/Dragon Warrior PNG/walk_05.png using Guid(9306e39f0f362e24888908e2bc7ab52a) Importer(815301076,1909f56bfc062723c751e8b465ee728b)  -> (artifact id: '44c877ee2ecc01b24520a09496649e84') in 0.117110 seconds
Number of updated asset objects reloaded before import = 0
Number of asset objects unloaded after import = 3
========================================================================
Received Import Request.
  Time since last request: 0.707170 seconds.
  path: Assets/Player1/Sprites/Dragon Warrior Files/Effects/dashwind_01.png
  artifactKey: Guid(087330196575cb349a5822e5936a769f) Importer(815301076,1909f56bfc062723c751e8b465ee728b)
Start importing Assets/Player1/Sprites/Dragon Warrior Files/Effects/dashwind_01.png using Guid(087330196575cb349a5822e5936a769f) Importer(815301076,1909f56bfc062723c751e8b465ee728b)  -> (artifact id: '0dd3b7ebc1e5298405a65a2f22d829a3') in 0.021238 seconds
Number of updated asset objects reloaded before import = 0
Number of asset objects unloaded after import = 3
========================================================================
Received Import Request.
  Time since last request: 0.000025 seconds.
  path: Assets/Player1/Sprites/Dragon Warrior Files/Effects/iblast_02.png
  artifactKey: Guid(b5591859471ec5043a8d9b0823b8e199) Importer(815301076,1909f56bfc062723c751e8b465ee728b)
Start importing Assets/Player1/Sprites/Dragon Warrior Files/Effects/iblast_02.png using Guid(b5591859471ec5043a8d9b0823b8e199) Importer(815301076,1909f56bfc062723c751e8b465ee728b)  -> (artifact id: '620cd18060484d26a891d49384953d97') in 0.022848 seconds
Number of updated asset objects reloaded before import = 0
Number of asset objects unloaded after import = 3
========================================================================
Received Import Request.
  Time since last request: 0.000023 seconds.
  path: Assets/Player1/Sprites/Dragon Warrior Files/Effects/fireball_03.png
  artifactKey: Guid(77f084663dedae54bbc26660c4568bd7) Importer(815301076,1909f56bfc062723c751e8b465ee728b)
Start importing Assets/Player1/Sprites/Dragon Warrior Files/Effects/fireball_03.png using Guid(77f084663dedae54bbc26660c4568bd7) Importer(815301076,1909f56bfc062723c751e8b465ee728b)  -> (artifact id: '7af404842c357f76b17c97db199cfa7f') in 0.036987 seconds
Number of updated asset objects reloaded before import = 0
Number of asset objects unloaded after import = 3
========================================================================
Received Import Request.
  Time since last request: 0.000024 seconds.
  path: Assets/Player1/Sprites/Dragon Warrior Files/Effects/explosion_05.png
  artifactKey: Guid(c485bf7f98f24494887a0db2d3fa19d9) Importer(815301076,1909f56bfc062723c751e8b465ee728b)
Start importing Assets/Player1/Sprites/Dragon Warrior Files/Effects/explosion_05.png using Guid(c485bf7f98f24494887a0db2d3fa19d9) Importer(815301076,1909f56bfc062723c751e8b465ee728b)  -> (artifact id: 'b6df46ce177c070ef12496ff07b2aabb') in 0.035081 seconds
Number of updated asset objects reloaded before import = 0
Number of asset objects unloaded after import = 3
========================================================================
Received Import Request.
  Time since last request: 0.000022 seconds.
  path: Assets/Player1/Sprites/Dragon Warrior Files/Effects/dashwind_05.png
  artifactKey: Guid(8a8fbecbb5021704b98e2180334900cb) Importer(815301076,1909f56bfc062723c751e8b465ee728b)
Start importing Assets/Player1/Sprites/Dragon Warrior Files/Effects/dashwind_05.png using Guid(8a8fbecbb5021704b98e2180334900cb) Importer(815301076,1909f56bfc062723c751e8b465ee728b)  -> (artifact id: '6fbbca0481e693879160eb4c0f6db219') in 0.031111 seconds
Number of updated asset objects reloaded before import = 0
Number of asset objects unloaded after import = 3
========================================================================
Received Import Request.
  Time since last request: 0.000023 seconds.
  path: Assets/Player1/Sprites/Dragon Warrior Files/Effects/dashwind_06.png
  artifactKey: Guid(96f5eb2ddc8448f47972a4894ee8f3be) Importer(815301076,1909f56bfc062723c751e8b465ee728b)
Start importing Assets/Player1/Sprites/Dragon Warrior Files/Effects/dashwind_06.png using Guid(96f5eb2ddc8448f47972a4894ee8f3be) Importer(815301076,1909f56bfc062723c751e8b465ee728b)  -> (artifact id: '9b1b11e7c59cff5693382b18b7965d84') in 0.038216 seconds
Number of updated asset objects reloaded before import = 0
Number of asset objects unloaded after import = 3
========================================================================
Received Import Request.
  Time since last request: 0.000077 seconds.
  path: Assets/Player1/Sprites/Dragon Warrior Files/Effects/explosion_06.png
  artifactKey: Guid(59d6a0740f5fa2d43bace77687889e18) Importer(815301076,1909f56bfc062723c751e8b465ee728b)
Start importing Assets/Player1/Sprites/Dragon Warrior Files/Effects/explosion_06.png using Guid(59d6a0740f5fa2d43bace77687889e18) Importer(815301076,1909f56bfc062723c751e8b465ee728b)  -> (artifact id: 'cfdd86925fcc2e220847e8e494c5e5c7') in 0.038400 seconds
Number of updated asset objects reloaded before import = 0
Number of asset objects unloaded after import = 3
========================================================================
Received Import Request.
  Time since last request: 0.000090 seconds.
  path: Assets/Player1/Sprites/Dragon Warrior Files/Effects/iblast_01.png
  artifactKey: Guid(e0b16a377f17da741be514a884ceeca3) Importer(815301076,1909f56bfc062723c751e8b465ee728b)
Start importing Assets/Player1/Sprites/Dragon Warrior Files/Effects/iblast_01.png using Guid(e0b16a377f17da741be514a884ceeca3) Importer(815301076,1909f56bfc062723c751e8b465ee728b)  -> (artifact id: '3e04af2c00ae8f4de7ff7ffbb7d24a54') in 0.036298 seconds
Number of updated asset objects reloaded before import = 0
Number of asset objects unloaded after import = 3
========================================================================
Received Import Request.
  Time since last request: 0.000034 seconds.
  path: Assets/Player1/Sprites/Dragon Warrior Files/Effects/iblast_03.png
  artifactKey: Guid(eff13b04babefe640978fb93720719c6) Importer(815301076,1909f56bfc062723c751e8b465ee728b)
Start importing Assets/Player1/Sprites/Dragon Warrior Files/Effects/iblast_03.png using Guid(eff13b04babefe640978fb93720719c6) Importer(815301076,1909f56bfc062723c751e8b465ee728b)  -> (artifact id: '81304e6981fea476fb85cabe66c044fb') in 0.036106 seconds
Number of updated asset objects reloaded before import = 0
Number of asset objects unloaded after import = 3
========================================================================
Received Import Request.
  Time since last request: 0.000041 seconds.
  path: Assets/Player1/Sprites/Dragon Warrior Files/Effects/dashwind_04.png
  artifactKey: Guid(de9714f3b21127e4196ebe9bd2163252) Importer(815301076,1909f56bfc062723c751e8b465ee728b)
Start importing Assets/Player1/Sprites/Dragon Warrior Files/Effects/dashwind_04.png using Guid(de9714f3b21127e4196ebe9bd2163252) Importer(815301076,1909f56bfc062723c751e8b465ee728b)  -> (artifact id: 'eb9aa81e03d18552046e5a7436708daa') in 0.041383 seconds
Number of updated asset objects reloaded before import = 0
Number of asset objects unloaded after import = 3
Editor requested this worker to shutdown with reason: Scaling down because of idle timeout
TcpMessagingSession - receive error: operation aborted. errorcode: 995, details: The I/O operation has been aborted because of either a thread exit or an application request.
AssetImportWorker is now disconnected from the server
Process exiting
Exiting without the bug reporter. Application will terminate with return code 0